This is pdfTeX, Version 3.141592653-2.6-1.40.27 (TeX Live 2025) (preloaded format=pdflatex 2025.4.19)  3 OCT 2025 17:25
entering extended mode
 restricted \write18 enabled.
 file:line:error style messages enabled.
 %&-line parsing enabled.
**/Users/nicholasbirchdelacalle/Documents/NL/NLP_project/NLP_group2/Project-Template/template.tex
(/Users/nicholasbirchdelacalle/Documents/NL/NLP_project/NLP_group2/Project-Template/template.tex
LaTeX2e <2024-11-01> patch level 2
L3 programming layer <2025-01-18>
(/usr/local/texlive/2025/texmf-dist/tex/latex/base/article.cls
Document Class: article 2024/06/29 v1.4n Standard LaTeX document class
(/usr/local/texlive/2025/texmf-dist/tex/latex/base/size10.clo
File: size10.clo 2024/06/29 v1.4n Standard LaTeX file (size option)
)
\c@part=\count196
\c@section=\count197
\c@subsection=\count198
\c@subsubsection=\count199
\c@paragraph=\count266
\c@subparagraph=\count267
\c@figure=\count268
\c@table=\count269
\abovecaptionskip=\skip49
\belowcaptionskip=\skip50
\bibindent=\dimen141
) (/usr/local/texlive/2025/texmf-dist/tex/latex/preprint/authblk.sty
Package: authblk 2001/02/27 1.3 (PWD)
\affilsep=\skip51
\@affilsep=\skip52
\c@Maxaffil=\count270
\c@authors=\count271
\c@affil=\count272
) (/usr/local/texlive/2025/texmf-dist/tex/latex/bera/bera.sty
Package: bera 2004/01/31 (WaS)
 (/usr/local/texlive/2025/texmf-dist/tex/latex/base/fontenc.sty
Package: fontenc 2021/04/29 v2.0v Standard LaTeX package
) (/usr/local/texlive/2025/texmf-dist/tex/latex/base/textcomp.sty
Package: textcomp 2024/04/24 v2.1b Standard LaTeX package
) (/usr/local/texlive/2025/texmf-dist/tex/latex/bera/beraserif.sty
Package: beraserif 2004/01/30 (WaS)
 (/usr/local/texlive/2025/texmf-dist/tex/latex/graphics/keyval.sty
Package: keyval 2022/05/29 v1.15 key=value parser (DPC)
\KV@toks@=\toks17
)
LaTeX Font Info:    Trying to load font information for T1+fve on input line 30.
 (/usr/local/texlive/2025/texmf-dist/tex/latex/bera/t1fve.fd
File: t1fve.fd 2004/09/07 scalable font definitions for T1/fve.
)
LaTeX Font Info:    Font shape `T1/fve/m/n' will be
(Font)              scaled to size 8.99994pt on input line 30.
) (/usr/local/texlive/2025/texmf-dist/tex/latex/bera/berasans.sty
Package: berasans 2004/01/30 (WaS)
) (/usr/local/texlive/2025/texmf-dist/tex/latex/bera/beramono.sty
Package: beramono 2004/01/31 (WaS)
)) (/usr/local/texlive/2025/texmf-dist/tex/latex/base/inputenc.sty
Package: inputenc 2024/02/08 v1.3d Input encoding file
\inpenc@prehook=\toks18
\inpenc@posthook=\toks19
) (/usr/local/texlive/2025/texmf-dist/tex/latex/l3backend/l3backend-pdftex.def
File: l3backend-pdftex.def 2024-05-08 L3 backend support: PDF output (pdfTeX)
\l__color_backend_stack_int=\count273
\l__pdf_internal_box=\box52
) (./template.aux)
\openout1 = `template.aux'.

LaTeX Font Info:    Checking defaults for OML/cmm/m/it on input line 18.
LaTeX Font Info:    ... okay on input line 18.
LaTeX Font Info:    Checking defaults for OMS/cmsy/m/n on input line 18.
LaTeX Font Info:    ... okay on input line 18.
LaTeX Font Info:    Checking defaults for OT1/cmr/m/n on input line 18.
LaTeX Font Info:    ... okay on input line 18.
LaTeX Font Info:    Checking defaults for T1/cmr/m/n on input line 18.
LaTeX Font Info:    ... okay on input line 18.
LaTeX Font Info:    Checking defaults for TS1/cmr/m/n on input line 18.
LaTeX Font Info:    ... okay on input line 18.
LaTeX Font Info:    Checking defaults for OMX/cmex/m/n on input line 18.
LaTeX Font Info:    ... okay on input line 18.
LaTeX Font Info:    Checking defaults for U/cmr/m/n on input line 18.
LaTeX Font Info:    ... okay on input line 18.
LaTeX Font Info:    Font shape `T1/fve/m/n' will be
(Font)              scaled to size 15.55188pt on input line 20.
LaTeX Font Info:    Font shape `T1/fve/m/n' will be
(Font)              scaled to size 10.79993pt on input line 20.
LaTeX Font Info:    Font shape `T1/fve/m/n' will be
(Font)              scaled to size 12.9599pt on input line 22.
LaTeX Font Info:    Font shape `T1/fve/b/n' will be
(Font)              scaled to size 12.9599pt on input line 22.

Underfull \hbox (badness 2134) in paragraph at lines 24--25
\T1/fve/m/n/10 cess-ing chal-lenge that com-bines culi-nary do-
 []


Underfull \hbox (badness 10000) in paragraph at lines 30--31
\T1/fve/m/n/10 We em-ploy DistilBERT-base-uncased
 []


Underfull \hbox (badness 1142) in paragraph at lines 30--31
\T1/fve/m/n/10 40% smaller and 60% faster, mak-ing it well-
 []


Underfull \hbox (badness 1478) in paragraph at lines 30--31
\T1/fve/m/n/10 suited for our clas-si-fi-ca-tion task with lim-ited
 []



LaTeX Font Info:    Font shape `T1/fve/b/n' will be
(Font)              scaled to size 8.99994pt on input line 32.
LaTeX Font Info:    External font `cmex10' loaded for size
(Font)              <7> on input line 32.
LaTeX Font Info:    External font `cmex10' loaded for size
(Font)              <5> on input line 32.

Underfull \vbox (badness 2961) has occurred while \output is active []



[1{/usr/local/texlive/2025/texmf-var/fonts/map/pdftex/updmap/pdftex.map}{/usr/local/texlive/2025/texmf-dist/fonts/enc/dvips/base/8r.enc}


]
LaTeX Font Info:    Font shape `T1/fve/b/n' will be
(Font)              scaled to size 10.79993pt on input line 40.



Overfull \hbox (77.13686pt too wide) in paragraph at lines 59--71
 [][] 
 []


Underfull \hbox (badness 2512) in paragraph at lines 84--84
[]\T1/fve/b/n/12 Model Per-for-mance & Lim-i-ta-
 []


Underfull \hbox (badness 5592) in paragraph at lines 86--87
\T1/fve/m/n/10 Our DistilBERT-based ap-proach demon-strates
 []



[2]
LaTeX Font Info:    Font shape `T1/fve/m/it' in size <10> not available
(Font)              Font shape `T1/fve/m/sl' tried instead on input line 92.
LaTeX Font Info:    Font shape `T1/fve/m/sl' will be
(Font)              scaled to size 8.99994pt on input line 92.

Underfull \hbox (badness 1354) in paragraph at lines 100--101
\T1/fve/m/n/10 chef clas-si-fi-ca-tion from recipe text, achiev-ing
 []



(./template.bbl
Underfull \hbox (badness 1845) in paragraph at lines 4--7
[]\T1/fve/m/n/10 Sanh, V., De-but, L., Chau-
 []

)
LaTeX Font Info:    Trying to load font information for TS1+fve on input line 123.
 (/usr/local/texlive/2025/texmf-dist/tex/latex/bera/ts1fve.fd
File: ts1fve.fd 2004/09/07 scalable font definitions for TS1/fve.
)
LaTeX Font Info:    Font shape `TS1/fve/m/n' will be
(Font)              scaled to size 8.99994pt on input line 123.


[3]
Underfull \hbox (badness 1253) in paragraph at lines 131--132
\T1/fve/m/n/10 a clear de-scrip-tion of the di-men-
 []


Underfull \hbox (badness 1264) in paragraph at lines 131--132
\T1/fve/m/n/10 will tackle (from now on, di-men-
 []


Underfull \hbox (badness 2435) in paragraph at lines 132--133
[]\T1/fve/m/n/10 (2.0) Sec-tion Mod-els: pro-vide a
 []


Underfull \hbox (badness 2903) in paragraph at lines 132--133
\T1/fve/m/n/10 clear de-scrip-tion of your mod-els
 []


Underfull \hbox (badness 3229) in paragraph at lines 132--133
\T1/fve/m/n/10 and tech-niques, as for in-stance,
 []


Underfull \hbox (badness 1303) in paragraph at lines 134--135
\T1/fve/m/n/10 own test(s) set(s) from the train-
 []


Underfull \hbox (badness 1521) in paragraph at lines 134--135
\T1/fve/m/n/10 test set (test_no_labels.txt) should
 []




Underfull \hbox (badness 7379) in paragraph at lines 145--146
[]\T1/fve/m/n/10 Use for-mal En-glish (so, no ``it's'',
 []



[4]



[5

] (./template.aux)
 ***********
LaTeX2e <2024-11-01> patch level 2
L3 programming layer <2025-01-18>
 ***********
 ) 
Here is how much of TeX's memory you used:
 1017 strings out of 473190
 17299 string characters out of 5715800
 410283 words of memory out of 5000000
 24298 multiletter control sequences out of 15000+600000
 584940 words of font info for 53 fonts, out of 8000000 for 9000
 1141 hyphenation exceptions out of 8191
 57i,8n,65p,728b,246s stack positions out of 10000i,1000n,20000p,200000b,200000s
</usr/local/texlive/2025/texmf-dist/fonts/type1/public/amsfonts/cm/cmr10.pfb></usr/local/texlive/2025/texmf-dist/fonts/type1/public/amsfonts/cm/cmr7.pfb></usr/local/texlive/2025/texmf-dist/fonts/type1/public/amsfonts/cm/cmsy10.pfb></usr/local/texlive/2025/texmf-dist/fonts/type1/public/amsfonts/cm/cmsy7.pfb></usr/local/texlive/2025/texmf-dist/fonts/type1/public/bera/fveb8a.pfb></usr/local/texlive/2025/texmf-dist/fonts/type1/public/bera/fver8a.pfb></usr/local/texlive/2025/texmf-dist/fonts/type1/public/bera/fver8a.pfb>
Output written on template.pdf (5 pages, 72178 bytes).
PDF statistics:
 56 PDF objects out of 1000 (max. 8388607)
 34 compressed objects within 1 object stream
 0 named destinations out of 1000 (max. 500000)
 1 words of extra memory for PDF output out of 10000 (max. 10000000)

